-------------------------------------------------------------------------------
Test set: geometryCalculator.TestIsTrianglePossible
-------------------------------------------------------------------------------
Tests run: 9, Failures: 6, Errors: 0, Skipped: 0, Time elapsed: 0.029 s <<< FAILURE! - in geometryCalculator.TestIsTrianglePossible
geometryCalculator.TestIsTrianglePossible.testIsTrianglePossibleWithOneZeroSideAndTwoPositiveSides  Time elapsed: 0.001 s  <<< FAILURE!
org.opentest4j.AssertionFailedError: expected: <false> but was: <true>
	at geometryCalculator.TestIsTrianglePossible.testIsTrianglePossibleWithOneZeroSideAndTwoPositiveSides(TestIsTrianglePossible.java:56)

geometryCalculator.TestIsTrianglePossible.testIsTriangleRightAngledWithWrongPositiveSides1  Time elapsed: 0.001 s  <<< FAILURE!
org.opentest4j.AssertionFailedError: expected: <false> but was: <true>
	at geometryCalculator.TestIsTrianglePossible.testIsTriangleRightAngledWithWrongPositiveSides1(TestIsTrianglePossible.java:14)

geometryCalculator.TestIsTrianglePossible.testIsTriangleRightAngledWithWrongPositiveSides2  Time elapsed: 0.001 s  <<< FAILURE!
org.opentest4j.AssertionFailedError: expected: <false> but was: <true>
	at geometryCalculator.TestIsTrianglePossible.testIsTriangleRightAngledWithWrongPositiveSides2(TestIsTrianglePossible.java:20)

geometryCalculator.TestIsTrianglePossible.testIsTriangleRightAngledWithWrongPositiveSides3  Time elapsed: 0.002 s  <<< FAILURE!
org.opentest4j.AssertionFailedError: expected: <false> but was: <true>
	at geometryCalculator.TestIsTrianglePossible.testIsTriangleRightAngledWithWrongPositiveSides3(TestIsTrianglePossible.java:26)

geometryCalculator.TestIsTrianglePossible.testIsTrianglePossibleWithNegativeSides  Time elapsed: 0.001 s  <<< FAILURE!
org.opentest4j.AssertionFailedError: expected: <false> but was: <true>
	at geometryCalculator.TestIsTrianglePossible.testIsTrianglePossibleWithNegativeSides(TestIsTrianglePossible.java:38)

geometryCalculator.TestIsTrianglePossible.testIsTrianglePossibleWithOneNegativeSideAndTwoPositiveSides  Time elapsed: 0.001 s  <<< FAILURE!
org.opentest4j.AssertionFailedError: expected: <false> but was: <true>
	at geometryCalculator.TestIsTrianglePossible.testIsTrianglePossibleWithOneNegativeSideAndTwoPositiveSides(TestIsTrianglePossible.java:44)

