-------------------------------------------------------------------------------
Test set: geometryCalculator.TestGetCircleSquare
-------------------------------------------------------------------------------
Tests run: 4, Failures: 1, Errors: 0, Skipped: 0, Time elapsed: 0.066 s <<< FAILURE! - in geometryCalculator.TestGetCircleSquare
geometryCalculator.TestGetCircleSquare.testGetCircleSquareWithNegativeIntegerNumber  Time elapsed: 0.003 s  <<< FAILURE!
org.opentest4j.AssertionFailedError: expected: <-1.0> but was: <1256.6370614359173>
	at geometryCalculator.TestGetCircleSquare.testGetCircleSquareWithNegativeIntegerNumber(TestGetCircleSquare.java:31)

