-------------------------------------------------------------------------------
Test set: geometryCalculator.TestGetTriangleSquare
-------------------------------------------------------------------------------
Tests run: 8, Failures: 5, Errors: 0, Skipped: 0, Time elapsed: 0.02 s <<< FAILURE! - in geometryCalculator.TestGetTriangleSquare
geometryCalculator.TestGetTriangleSquare.testGetTriangleSquareWithOneZeroSideAndTwoPositiveSides  Time elapsed: 0 s  <<< FAILURE!
org.opentest4j.AssertionFailedError: expected: <-1.0> but was: <NaN>
	at geometryCalculator.TestGetTriangleSquare.testGetTriangleSquareWithOneZeroSideAndTwoPositiveSides(TestGetTriangleSquare.java:52)

geometryCalculator.TestGetTriangleSquare.testGetTriangleSquareWithWrongPositiveSides  Time elapsed: 0.001 s  <<< FAILURE!
org.opentest4j.AssertionFailedError: expected: <-1.0> but was: <NaN>
	at geometryCalculator.TestGetTriangleSquare.testGetTriangleSquareWithWrongPositiveSides(TestGetTriangleSquare.java:17)

geometryCalculator.TestGetTriangleSquare.testGetTriangleSquareWithZeroSides  Time elapsed: 0.002 s  <<< FAILURE!
org.opentest4j.AssertionFailedError: expected: <-1.0> but was: <0.0>
	at geometryCalculator.TestGetTriangleSquare.testGetTriangleSquareWithZeroSides(TestGetTriangleSquare.java:45)

geometryCalculator.TestGetTriangleSquare.testGetTriangleSquareWithOneNegativeSideAndTwoPositiveSides  Time elapsed: 0.001 s  <<< FAILURE!
org.opentest4j.AssertionFailedError: expected: <-1.0> but was: <6.0>
	at geometryCalculator.TestGetTriangleSquare.testGetTriangleSquareWithOneNegativeSideAndTwoPositiveSides(TestGetTriangleSquare.java:38)

geometryCalculator.TestGetTriangleSquare.testGetTriangleSquareWithNegativeSides  Time elapsed: 0.001 s  <<< FAILURE!
org.opentest4j.AssertionFailedError: expected: <-1.0> but was: <NaN>
	at geometryCalculator.TestGetTriangleSquare.testGetTriangleSquareWithNegativeSides(TestGetTriangleSquare.java:31)

