<?xml version="1.0" encoding="UTF-8"?>
<testsuite xmlns:xsi="http://www.w3.org/2001/XMLSchema-instance" xsi:noNamespaceSchemaLocation="https://maven.apache.org/surefire/maven-surefire-plugin/xsd/surefire-test-report-3.0.xsd" version="3.0" name="geometryCalculator.TestGetSphereVolume" time="0.018" tests="4" errors="0" skipped="0" failures="0">
  <properties>
[...]
</properties>
  <testcase name="testGetSphereVolumeWithPositiveIntegerNumber" classname="geometryCalculator.TestGetSphereVolume" time="0.002"/>
  <testcase name="testGetSphereVolumeWithNegativeIntegerNumber" classname="geometryCalculator.TestGetSphereVolume" time="0.002"/>
  <testcase name="testGetSphereVolumeWithPositiveFractionalNumber" classname="geometryCalculator.TestGetSphereVolume" time="0.003"/>
  <testcase name="testGetSphereVolumeWithZero" classname="geometryCalculator.TestGetSphereVolume" time="0.002"/>
</testsuite>